<?xml version="1.0" encoding="UTF-8"?>
<!-- Generated by org.testng.reporters.JUnitXMLReporter -->
<testsuite ignored="1" hostname="DESKTOP-1KGUKBL" failures="1" tests="2" name="Default test(failed)" time="16.85" errors="0" timestamp="2024-03-15T12:53:05 IST">
  <testcase classname="frameworks.tests.ErrorValidationsTest" name="loginErrorValidation" time="1.715">
    <skipped/>
  </testcase> <!-- loginErrorValidation -->
  <testcase classname="frameworks.tests.ErrorValidationsTest" name="loginErrorValidation" time="1.631">
    <failure type="java.lang.AssertionError" message="expected [Login Successfully] but found [Incorrect email or password.]">
      <![CDATA[java.lang.AssertionError: expected [Login Successfully] but found [Incorrect email or password.]
at frameworks.tests.ErrorValidationsTest.loginErrorValidation(ErrorValidationsTest.java:48)
at java.base/java.util.ArrayList.forEach(ArrayList.java:1511)
... Removed 33 stack frames]]>
    </failure>
  </testcase> <!-- loginErrorValidation -->
  <testcase classname="frameworks.tests.ErrorValidationsTest" name="productErrorValidation" time="0.0">
    <ignored/>
  </testcase> <!-- productErrorValidation -->
</testsuite> <!-- Default test(failed) -->
