<?xml version="1.0" encoding="UTF-8"?>
<!-- Generated by org.testng.reporters.JUnitXMLReporter -->
<testsuite ignored="0" hostname="DESKTOP-1KGUKBL" failures="0" tests="2" name="Error Validation Test" time="7.602" errors="0" timestamp="2024-02-28T12:34:00 IST">
  <testcase classname="frameworks.tests.ErrorValidationsTest" name="loginErrorValidation" time="0.0">
    <skipped/>
  </testcase> <!-- loginErrorValidation -->
  <testcase classname="frameworks.tests.ErrorValidationsTest" name="productErrorValidation" time="0.0">
    <skipped/>
  </testcase> <!-- productErrorValidation -->
</testsuite> <!-- Error Validation Test -->
